2020-05-18T02:40:18.354+02:00 SEVERE  createCustomerDesign Table 'fogcarport_test.customer_order' doesn't existKunne ikke oprette design i DB eller databasen er nede.
2020-05-18T02:40:18.372+02:00 SEVERE  getCustomerDesignOrder Table 'fogcarport_test.customer_order' doesn't existDatabasen er nede.
2020-05-18T02:43:43.624+02:00 SEVERE  createCustomerDesign Table 'fogcarport_test.customer_order' doesn't existKunne ikke oprette design i DB eller databasen er nede.
2020-05-18T02:43:43.640+02:00 SEVERE  getCustomerDesignOrder Table 'fogcarport_test.customer_order' doesn't existDatabasen er nede.
2020-05-18T02:46:45.166+02:00 SEVERE  createCustomerDesign Table 'fogcarport_test.customer_order' doesn't existKunne ikke oprette design i DB eller databasen er nede.
2020-05-18T02:46:45.191+02:00 SEVERE  getCustomerDesignOrder Table 'fogcarport_test.customer_order' doesn't existDatabasen er nede.
2020-05-18T02:49:17.661+02:00 SEVERE  createCustomerDesign Table 'fogcarport_test.customer_order' doesn't existKunne ikke oprette design i DB eller databasen er nede.
2020-05-18T02:49:17.680+02:00 SEVERE  getCustomerDesignOrder Table 'fogcarport_test.customer_order' doesn't existDatabasen er nede.
2020-05-18T02:50:06.426+02:00 SEVERE  createCustomerDesign Table 'fogcarport_test.customer_order' doesn't existKunne ikke oprette design i DB eller databasen er nede.
2020-05-18T02:50:06.449+02:00 SEVERE  getCustomerDesignOrder Table 'fogcarport_test.customer_order' doesn't existDatabasen er nede.
2020-05-18T02:50:38.988+02:00 SEVERE  createCustomerDesign Table 'fogcarport_test.customer_order' doesn't existKunne ikke oprette design i DB eller databasen er nede.
2020-05-18T02:50:39.011+02:00 SEVERE  getCustomerDesignOrder Table 'fogcarport_test.customer_order' doesn't existDatabasen er nede.
2020-05-18T09:37:51.248+02:00 SEVERE  createCustomerDesign Table 'fogcarport_test.customer_order' doesn't existKunne ikke oprette design i DB eller databasen er nede.
2020-05-18T09:37:51.299+02:00 SEVERE  getCustomerDesignOrder Table 'fogcarport_test.customer_order' doesn't existDatabasen er nede.
2020-05-18T11:05:53.040+02:00 SEVERE  createCustomerDesign Table 'fogcarport_test.customer_order' doesn't existKunne ikke oprette design i DB eller databasen er nede.
2020-05-18T11:05:53.065+02:00 SEVERE  getCustomerDesignOrder Table 'fogcarport_test.customer_order' doesn't existDatabasen er nede.
2020-05-18T11:11:02.575+02:00 SEVERE  createCustomerDesign Table 'fogcarport_test.customer_order' doesn't existKunne ikke oprette design i DB eller databasen er nede.
2020-05-18T11:11:02.613+02:00 SEVERE  getCustomerDesignOrder Table 'fogcarport_test.customer_order' doesn't existDatabasen er nede.
2020-05-18T11:54:53.157+02:00 FINEST  getCustomerOrder Kunne ikke finde order
2020-05-18T11:55:56.346+02:00 FINEST  getCustomerOrder Kunne ikke finde order
2020-05-18T12:00:19.658+02:00 FINEST  getCustomerOrder Kunne ikke finde order
2020-05-18T12:00:35.542+02:00 FINEST  getCustomerOrder Kunne ikke finde order
2020-05-18T12:00:58.662+02:00 FINEST  getCustomerOrder Kunne ikke finde order
2020-05-18T12:02:31.704+02:00 FINEST  getCustomerOrder Kunne ikke finde order
2020-05-18T12:50:07.137+02:00 FINEST  getCustomerOrder Kunne ikke finde order
2020-05-18T19:18:38.579+02:00 FINEST  getCustomerOrder Kunne ikke finde order
2020-05-18T19:19:06.067+02:00 FINEST  getCustomerOrder Kunne ikke finde order
2020-05-18T19:34:13.374+02:00 FINEST  getCustomerOrder Kunne ikke finde order
2020-05-18T19:59:36.287+02:00 FINEST  getCustomerOrder Kunne ikke finde order
2020-05-18T20:09:24.293+02:00 FINEST  getCustomerSingleOrder Kunne ikke finde order
2020-05-18T20:09:24.305+02:00 SEVERE  getCustomerOrder Databasen er nede.
2020-05-18T20:13:07.825+02:00 FINEST  getCustomerOrder Kunne ikke finde order
2020-05-18T20:13:10.948+02:00 FINEST  getCustomerSingleOrder Kunne ikke finde order
2020-05-18T20:13:10.950+02:00 SEVERE  getCustomerOrder Databasen er nede.
2020-05-18T20:57:46.329+02:00 FINEST  getCustomerSingleOrder Kunne ikke finde order
2020-05-18T20:57:46.343+02:00 SEVERE  getCustomerOrder Databasen er nede.
2020-05-18T21:52:26.942+02:00 FINEST  getCustomerOrder Kunne ikke finde order
2020-05-18T21:52:28.703+02:00 FINEST  getCustomerSingleOrder Kunne ikke finde order
2020-05-18T21:52:28.705+02:00 SEVERE  getCustomerOrder Databasen er nede.
2020-05-18T21:54:31.905+02:00 FINEST  getCustomerOrder Kunne ikke finde order
2020-05-18T21:54:33.758+02:00 FINEST  getCustomerSingleOrder Kunne ikke finde order
2020-05-18T21:54:33.759+02:00 SEVERE  getCustomerOrder Databasen er nede.
2020-05-18T22:19:34.011+02:00 SEVERE  Create user Public Key Retrieval is not allowed
2020-05-18T22:19:34.058+02:00 SEVERE  Login Public Key Retrieval is not allowed
2020-05-18T22:19:34.085+02:00 SEVERE  Login Public Key Retrieval is not allowed
2020-05-18T22:19:34.106+02:00 SEVERE  Login Public Key Retrieval is not allowed
2020-05-18T22:19:37.025+02:00 FINEST  getCustomerOrder Kunne ikke finde order
2020-05-18T22:19:38.927+02:00 FINEST  getCustomerSingleOrder Kunne ikke finde order
2020-05-18T22:19:38.928+02:00 SEVERE  getCustomerOrder Databasen er nede.
2020-05-18T22:22:42.803+02:00 SEVERE  Create user Public Key Retrieval is not allowed
2020-05-18T22:22:42.861+02:00 SEVERE  Login Public Key Retrieval is not allowed
2020-05-18T22:22:42.877+02:00 SEVERE  Login Public Key Retrieval is not allowed
2020-05-18T22:22:42.890+02:00 SEVERE  Login Public Key Retrieval is not allowed
2020-05-18T22:22:45.732+02:00 FINEST  getCustomerOrder Kunne ikke finde order
2020-05-18T22:22:48.168+02:00 FINEST  getCustomerSingleOrder Kunne ikke finde order
2020-05-18T22:22:48.169+02:00 SEVERE  getCustomerOrder Databasen er nede.
2020-05-18T22:34:53.955+02:00 SEVERE  Create user Public Key Retrieval is not allowed
2020-05-18T22:34:54.023+02:00 SEVERE  Login Public Key Retrieval is not allowed
2020-05-18T22:34:54.144+02:00 SEVERE  Login Public Key Retrieval is not allowed
2020-05-18T22:34:54.160+02:00 SEVERE  Login Public Key Retrieval is not allowed
2020-05-18T22:34:59.188+02:00 FINEST  getCustomerOrder Kunne ikke finde order
2020-05-18T22:35:01.184+02:00 FINEST  getCustomerSingleOrder Kunne ikke finde order
2020-05-18T22:35:01.186+02:00 SEVERE  getCustomerOrder Databasen er nede.
2020-05-18T22:38:18.148+02:00 SEVERE  Create user Public Key Retrieval is not allowed
2020-05-18T22:38:18.244+02:00 SEVERE  Login Public Key Retrieval is not allowed
2020-05-18T22:38:18.282+02:00 SEVERE  Login Public Key Retrieval is not allowed
2020-05-18T22:38:18.324+02:00 SEVERE  Login Public Key Retrieval is not allowed
2020-05-18T22:38:22.427+02:00 FINEST  getCustomerOrder Kunne ikke finde order
2020-05-18T22:38:24.796+02:00 FINEST  getCustomerSingleOrder Kunne ikke finde order
2020-05-18T22:38:24.798+02:00 SEVERE  getCustomerOrder Databasen er nede.
2020-05-18T22:47:01.918+02:00 SEVERE  Create user Public Key Retrieval is not allowed
2020-05-18T22:47:01.964+02:00 SEVERE  Login Public Key Retrieval is not allowed
2020-05-18T22:47:01.982+02:00 SEVERE  Login Public Key Retrieval is not allowed
2020-05-18T22:47:02.030+02:00 SEVERE  Login Public Key Retrieval is not allowed
2020-05-18T22:48:05.523+02:00 INFO    Login Could not validate user
2020-05-18T22:48:05.654+02:00 INFO    Login Could not validate user
2020-05-18T22:48:05.669+02:00 INFO    Login Could not validate user
